# JRE version: Java(TM) SE Runtime Environment (8.0_40-b25) (build 1.8.0_40-b25)
# Java VM: Java HotSpot(TM) 64-Bit Server VM (25.40-b25 mixed mode linux-amd64 compressed oops)
Heap:
 PSYoungGen      total 292864K, used 0K [0x00000000eab00000, 0x0000000100000000, 0x0000000100000000)
  eden space 250368K, 0% used [0x00000000eab00000,0x00000000eab00000,0x00000000f9f80000)
  from space 42496K, 0% used [0x00000000f9f80000,0x00000000f9f80000,0x00000000fc900000)
  to   space 44032K, 0% used [0x00000000fd500000,0x00000000fd500000,0x0000000100000000)
 ParOldGen       total 169472K, used 166268K [0x00000000c0000000, 0x00000000ca580000, 0x00000000eab00000)
  object space 169472K, 98% used [0x00000000c0000000,0x00000000ca25f0a8,0x00000000ca580000)
 Metaspace       used 116073K, capacity 123002K, committed 123992K, reserved 1155072K
  class space    used 16158K, capacity 18736K, committed 19072K, reserved 1048576K
GC Heap History (10 events):
Event: 913.674 GC heap after
Heap after GC invocations=40 (full 8):
 PSYoungGen      total 256512K, used 14661K [0x00000000eab00000, 0x00000000fc380000, 0x0000000100000000)
  eden space 226816K, 0% used [0x00000000eab00000,0x00000000eab00000,0x00000000f8880000)
  from space 29696K, 49% used [0x00000000fa680000,0x00000000fb4d1600,0x00000000fc380000)
  to   space 30208K, 0% used [0x00000000f8880000,0x00000000f8880000,0x00000000fa600000)
 ParOldGen       total 169472K, used 131545K [0x00000000c0000000, 0x00000000ca580000, 0x00000000eab00000)
  object space 169472K, 77% used [0x00000000c0000000,0x00000000c80764f0,0x00000000ca580000)
 Metaspace       used 92754K, capacity 98038K, committed 98264K, reserved 1132544K
  class space    used 12861K, capacity 14831K, committed 14848K, reserved 1048576K
}
Event: 913.674 GC heap before
{Heap before GC invocations=41 (full 9):
 PSYoungGen      total 256512K, used 14661K [0x00000000eab00000, 0x00000000fc380000, 0x0000000100000000)
  eden space 226816K, 0% used [0x00000000eab00000,0x00000000eab00000,0x00000000f8880000)
  from space 29696K, 49% used [0x00000000fa680000,0x00000000fb4d1600,0x00000000fc380000)
  to   space 30208K, 0% used [0x00000000f8880000,0x00000000f8880000,0x00000000fa600000)
 ParOldGen       total 169472K, used 131545K [0x00000000c0000000, 0x00000000ca580000, 0x00000000eab00000)
  object space 169472K, 77% used [0x00000000c0000000,0x00000000c80764f0,0x00000000ca580000)
 Metaspace       used 92754K, capacity 98038K, committed 98264K, reserved 1132544K
  class space    used 12861K, capacity 14831K, committed 14848K, reserved 1048576K
Event: 915.261 GC heap after
Heap after GC invocations=41 (full 9):
 PSYoungGen      total 256512K, used 0K [0x00000000eab00000, 0x00000000fc380000, 0x0000000100000000)
  eden space 226816K, 0% used [0x00000000eab00000,0x00000000eab00000,0x00000000f8880000)
  from space 29696K, 0% used [0x00000000fa680000,0x00000000fa680000,0x00000000fc380000)
  to   space 30208K, 0% used [0x00000000f8880000,0x00000000f8880000,0x00000000fa600000)
 ParOldGen       total 169472K, used 129656K [0x00000000c0000000, 0x00000000ca580000, 0x00000000eab00000)
  object space 169472K, 76% used [0x00000000c0000000,0x00000000c7e9e3f0,0x00000000ca580000)
 Metaspace       used 92688K, capacity 97810K, committed 98264K, reserved 1132544K
  class space    used 12845K, capacity 14763K, committed 14848K, reserved 1048576K
}
Event: 939.018 GC heap before
{Heap before GC invocations=42 (full 9):
 PSYoungGen      total 256512K, used 226816K [0x00000000eab00000, 0x00000000fc380000, 0x0000000100000000)
  eden space 226816K, 100% used [0x00000000eab00000,0x00000000f8880000,0x00000000f8880000)
  from space 29696K, 0% used [0x00000000fa680000,0x00000000fa680000,0x00000000fc380000)
  to   space 30208K, 0% used [0x00000000f8880000,0x00000000f8880000,0x00000000fa600000)
 ParOldGen       total 169472K, used 129656K [0x00000000c0000000, 0x00000000ca580000, 0x00000000eab00000)
  object space 169472K, 76% used [0x00000000c0000000,0x00000000c7e9e3f0,0x00000000ca580000)
 Metaspace       used 100280K, capacity 106076K, committed 106200K, reserved 1138688K
  class space    used 13935K, capacity 16116K, committed 16128K, reserved 1048576K
Event: 939.090 GC heap after
Heap after GC invocations=42 (full 9):
 PSYoungGen      total 257024K, used 28742K [0x00000000eab00000, 0x00000000feb00000, 0x0000000100000000)
  eden space 226816K, 0% used [0x00000000eab00000,0x00000000eab00000,0x00000000f8880000)
  from space 30208K, 95% used [0x00000000f8880000,0x00000000fa491820,0x00000000fa600000)
  to   space 34816K, 0% used [0x00000000fc900000,0x00000000fc900000,0x00000000feb00000)
 ParOldGen       total 169472K, used 129664K [0x00000000c0000000, 0x00000000ca580000, 0x00000000eab00000)
  object space 169472K, 76% used [0x00000000c0000000,0x00000000c7ea03f0,0x00000000ca580000)
 Metaspace       used 100280K, capacity 106076K, committed 106200K, reserved 1138688K
  class space    used 13935K, capacity 16116K, committed 16128K, reserved 1048576K
}
Event: 986.442 GC heap before
{Heap before GC invocations=43 (full 9):
 PSYoungGen      total 257024K, used 255558K [0x00000000eab00000, 0x00000000feb00000, 0x0000000100000000)
  eden space 226816K, 100% used [0x00000000eab00000,0x00000000f8880000,0x00000000f8880000)
  from space 30208K, 95% used [0x00000000f8880000,0x00000000fa491820,0x00000000fa600000)
  to   space 34816K, 0% used [0x00000000fc900000,0x00000000fc900000,0x00000000feb00000)
 ParOldGen       total 169472K, used 129664K [0x00000000c0000000, 0x00000000ca580000, 0x00000000eab00000)
  object space 169472K, 76% used [0x00000000c0000000,0x00000000c7ea03f0,0x00000000ca580000)
 Metaspace       used 108332K, capacity 115016K, committed 115160K, reserved 1146880K
  class space    used 15128K, capacity 17599K, committed 17664K, reserved 1048576K
Event: 986.573 GC heap after
Heap after GC invocations=43 (full 9):
 PSYoungGen      total 285184K, used 34804K [0x00000000eab00000, 0x00000000ff780000, 0x0000000100000000)
  eden space 250368K, 0% used [0x00000000eab00000,0x00000000eab00000,0x00000000f9f80000)
  from space 34816K, 99% used [0x00000000fc900000,0x00000000feafd1b8,0x00000000feb00000)
  to   space 42496K, 0% used [0x00000000f9f80000,0x00000000f9f80000,0x00000000fc900000)
 ParOldGen       total 169472K, used 135276K [0x00000000c0000000, 0x00000000ca580000, 0x00000000eab00000)
  object space 169472K, 79% used [0x00000000c0000000,0x00000000c841b3c0,0x00000000ca580000)
 Metaspace       used 108332K, capacity 115016K, committed 115160K, reserved 1146880K
  class space    used 15128K, capacity 17599K, committed 17664K, reserved 1048576K
}
Event: 1031.374 GC heap before
{Heap before GC invocations=44 (full 9):
 PSYoungGen      total 285184K, used 285172K [0x00000000eab00000, 0x00000000ff780000, 0x0000000100000000)
  eden space 250368K, 100% used [0x00000000eab00000,0x00000000f9f80000,0x00000000f9f80000)
  from space 34816K, 99% used [0x00000000fc900000,0x00000000feafd1b8,0x00000000feb00000)
  to   space 42496K, 0% used [0x00000000f9f80000,0x00000000f9f80000,0x00000000fc900000)
 ParOldGen       total 169472K, used 135276K [0x00000000c0000000, 0x00000000ca580000, 0x00000000eab00000)
  object space 169472K, 79% used [0x00000000c0000000,0x00000000c841b3c0,0x00000000ca580000)
 Metaspace       used 116425K, capacity 123794K, committed 123992K, reserved 1155072K
  class space    used 16298K, capacity 19028K, committed 19072K, reserved 1048576K
Event: 1031.519 GC heap after
Heap after GC invocations=44 (full 9):
 PSYoungGen      total 292864K, used 27399K [0x00000000eab00000, 0x0000000100000000, 0x0000000100000000)
  eden space 250368K, 0% used [0x00000000eab00000,0x00000000eab00000,0x00000000f9f80000)
  from space 42496K, 64% used [0x00000000f9f80000,0x00000000fba41e18,0x00000000fc900000)
  to   space 44032K, 0% used [0x00000000fd500000,0x00000000fd500000,0x0000000100000000)
 ParOldGen       total 169472K, used 165518K [0x00000000c0000000, 0x00000000ca580000, 0x00000000eab00000)
  object space 169472K, 97% used [0x00000000c0000000,0x00000000ca1a3a50,0x00000000ca580000)
 Metaspace       used 116425K, capacity 123794K, committed 123992K, reserved 1155072K
  class space    used 16298K, capacity 19028K, committed 19072K, reserved 1048576K
}
Event: 1031.519 GC heap before
{Heap before GC invocations=45 (full 10):
 PSYoungGen      total 292864K, used 27399K [0x00000000eab00000, 0x0000000100000000, 0x0000000100000000)
  eden space 250368K, 0% used [0x00000000eab00000,0x00000000eab00000,0x00000000f9f80000)
  from space 42496K, 64% used [0x00000000f9f80000,0x00000000fba41e18,0x00000000fc900000)
  to   space 44032K, 0% used [0x00000000fd500000,0x00000000fd500000,0x0000000100000000)
 ParOldGen       total 169472K, used 165518K [0x00000000c0000000, 0x00000000ca580000, 0x00000000eab00000)
  object space 169472K, 97% used [0x00000000c0000000,0x00000000ca1a3a50,0x00000000ca580000)
 Metaspace       used 116425K, capacity 123794K, committed 123992K, reserved 1155072K
  class space    used 16298K, capacity 19028K, committed 19072K, reserved 1048576K

